<?xml version="1.0" encoding="UTF-8"?>
<testsuite name="Cucumber" time="6.048" tests="1" skipped="0" failures="0" errors="0" timestamp="2025-12-01T16:24:20.743415500Z">
<testcase classname="Feature to test Google Search Functionality" name="Search game in the Google search engine" time="5.903">
<system-out><![CDATA[
Given I am on the Google search page........................................passed
When I search for "The Witcher 3"...........................................passed
And I press Enter key.......................................................passed
Then I should see results related to "The Witcher 3"........................passed
]]></system-out>
</testcase>
</testsuite>
