<?xml version="1.0" encoding="UTF-8"?>
<testsuite name="Cucumber" time="0.138" tests="1" skipped="0" failures="0" errors="0" timestamp="2025-11-25T22:00:06.106359800Z">
<testcase classname="Feature to test login Functionality" name="Check Login is successful with valid credentials" time="0.019">
<system-out><![CDATA[
Given user is on login page.................................................passed
When users enters username and password.....................................passed
And clicks on login button..................................................passed
Then user is navigated to MyPortfolio page..................................passed
]]></system-out>
</testcase>
</testsuite>
