<?xml version="1.0" encoding="UTF-8"?>
<testsuite name="Cucumber" time="9.6" tests="1" skipped="0" failures="0" errors="0" timestamp="2025-12-10T09:00:30.338910600Z">
<testcase classname="Feature to test login Functionality" name="Check Login is successful with valid credentials" time="9.453">
<system-out><![CDATA[
Given user is on signUp page................................................passed
When user fill the personal details.........................................passed
Then user is navigated to MyPortfolio page..................................passed
]]></system-out>
</testcase>
</testsuite>
