<?xml version="1.0" encoding="UTF-8"?>
<testsuite name="Cucumber" time="7.235" tests="1" skipped="0" failures="0" errors="0" timestamp="2025-12-10T16:52:37.156164700Z">
<testcase classname="Feature to test Login Functionality" name="Check Login is successful with valid Credentials" time="7.094">
<system-out><![CDATA[
Given user in the Login page................................................passed
When user enters the username and password..................................passed
And user clicks on the submit button........................................passed
Then user is redirected to portfolio page...................................passed
]]></system-out>
</testcase>
</testsuite>
