<?xml version="1.0" encoding="UTF-8"?>
<testsuite name="Cucumber" time="4.585" tests="1" skipped="0" failures="1" errors="0" timestamp="2025-12-11T16:04:32.765845500Z">
<testcase classname="Feature to test Google Search Functionality" name="Search game in the Google search engine" time="4.436">
<failure type="java.lang.IllegalStateException" message="CAPTCHA detected. Please complete the CAPTCHA before">
<![CDATA[java.lang.IllegalStateException: CAPTCHA detected. Please complete the CAPTCHA before
	at pageObjects.GoogleSearch.checkCaptca(GoogleSearch.java:36)
	at stepDefinition.GoogleSearchSteps.i_should_see_results_related_to(GoogleSearchSteps.java:25)
	at ✽.I should see results related to "The Witcher 3"(file:///D:/VS%20Project/BDD_Cucumber/selenium-testng-bdd/src/test/resources/features/GoogleSearch.feature:9)
]]>
</failure>
<system-out><![CDATA[
Given I am on the Google search page........................................passed
When I search for "The Witcher 3"...........................................passed
Then I should see results related to "The Witcher 3"........................failed
]]></system-out>
</testcase>
</testsuite>
