<?xml version="1.0" encoding="UTF-8"?>
<testsuite xmlns:xsi="http://www.w3.org/2001/XMLSchema-instance" xsi:noNamespaceSchemaLocation="https://maven.apache.org/surefire/maven-surefire-plugin/xsd/surefire-test-report-3.0.xsd" version="3.0" name="com.RunCucumberTest" time="1.226" tests="3" errors="2" skipped="0" failures="0">
  <properties>
[...]
</properties>
  <testcase name="Check Login is successful with valid credentials" classname="Feature to test login Functionality" time="0.086">
    <system-out><![CDATA[
@SmokeScenario @SmokeTest
&amp#27;[1mScenario:&amp#27;[22m Check Login is successful with valid credentials &amp#27;[90m# src/test/resources/features/login.feature:5&amp#27;[39m
  &amp#27;[32m✔&amp#27;[39m &amp#27;[32m&amp#27;[1mGiven &amp#27;[22muser is on login page&amp#27;[39m                            &amp#27;[90m# com.LoginSteps.user_is_on_login_page()&amp#27;[39m
  &amp#27;[32m✔&amp#27;[39m &amp#27;[32m&amp#27;[1mWhen &amp#27;[22musers enters username and password&amp#27;[39m                &amp#27;[90m# com.LoginSteps.users_enters_username_and_password()&amp#27;[39m
  &amp#27;[32m✔&amp#27;[39m &amp#27;[32m&amp#27;[1mAnd &amp#27;[22mclicks on login button&amp#27;[39m                             &amp#27;[90m# com.LoginSteps.clicks_on_login_button()&amp#27;[39m
  &amp#27;[32m✔&amp#27;[39m &amp#27;[32m&amp#27;[1mThen &amp#27;[22muser is navigated to MyPortfolio page&amp#27;[39m             &amp#27;[90m# com.LoginSteps.user_is_navigated_to_myportfolio_page()&amp#27;[39m
]]></system-out>
  </testcase>
  <testcase name="Check Login is unsuccessful with invalid credentials #1" classname="Feature to test login Functionality" time="0.035">
    <error message="The step &apos;users enters invalid user1 and pass1&apos; is undefined.&#10;You can implement this step using the snippet(s) below:&#10;&#10;@When(&quot;users enters invalid user1 and pass1&quot;)&#10;public void users_enters_invalid_user1_and_pass1() {&#10;    // Write code here that turns the phrase above into concrete actions&#10;    throw new io.cucumber.java.PendingException();&#10;}&#10;" type="io.cucumber.junit.UndefinedStepException"><![CDATA[io.cucumber.junit.UndefinedStepException: 
The step 'users enters invalid user1 and pass1' is undefined.
You can implement this step using the snippet(s) below:

@When("users enters invalid user1 and pass1")
public void users_enters_invalid_user1_and_pass1() {
    // Write code here that turns the phrase above into concrete actions
    throw new io.cucumber.java.PendingException();
}

]]></error>
    <system-out><![CDATA[
@SmokeScenario
&amp#27;[1mScenario Outline:&amp#27;[22m Check Login is unsuccessful with invalid credentials &amp#27;[90m# src/test/resources/features/login.feature:20&amp#27;[39m
  &amp#27;[32m✔&amp#27;[39m &amp#27;[32m&amp#27;[1mGiven &amp#27;[22muser is on login page&amp#27;[39m                                        &amp#27;[90m# com.LoginSteps.user_is_on_login_page()&amp#27;[39m
  &amp#27;[33m■&amp#27;[39m &amp#27;[33m&amp#27;[1mWhen &amp#27;[22musers enters invalid user1 and pass1&amp#27;[39m
  &amp#27;[36m↷&amp#27;[39m &amp#27;[36m&amp#27;[1mAnd &amp#27;[22mclicks on login button&amp#27;[39m                                         &amp#27;[90m# com.LoginSteps.clicks_on_login_button()&amp#27;[39m
  &amp#27;[36m↷&amp#27;[39m &amp#27;[36m&amp#27;[1mThen &amp#27;[22merror message is displayed&amp#27;[39m                                    &amp#27;[90m# com.LoginSteps.error_message_is_displayed()&amp#27;[39m
]]></system-out>
  </testcase>
  <testcase name="Check Login is unsuccessful with invalid credentials #2" classname="Feature to test login Functionality" time="0.012">
    <error message="The step &apos;users enters invalid user2 and pass2&apos; is undefined.&#10;You can implement this step using the snippet(s) below:&#10;&#10;@When(&quot;users enters invalid user2 and pass2&quot;)&#10;public void users_enters_invalid_user2_and_pass2() {&#10;    // Write code here that turns the phrase above into concrete actions&#10;    throw new io.cucumber.java.PendingException();&#10;}&#10;" type="io.cucumber.junit.UndefinedStepException"><![CDATA[io.cucumber.junit.UndefinedStepException: 
The step 'users enters invalid user2 and pass2' is undefined.
You can implement this step using the snippet(s) below:

@When("users enters invalid user2 and pass2")
public void users_enters_invalid_user2_and_pass2() {
    // Write code here that turns the phrase above into concrete actions
    throw new io.cucumber.java.PendingException();
}

]]></error>
    <system-out><![CDATA[
@SmokeScenario
&amp#27;[1mScenario Outline:&amp#27;[22m Check Login is unsuccessful with invalid credentials &amp#27;[90m# src/test/resources/features/login.feature:21&amp#27;[39m
  &amp#27;[32m✔&amp#27;[39m &amp#27;[32m&amp#27;[1mGiven &amp#27;[22muser is on login page&amp#27;[39m                                        &amp#27;[90m# com.LoginSteps.user_is_on_login_page()&amp#27;[39m
  &amp#27;[33m■&amp#27;[39m &amp#27;[33m&amp#27;[1mWhen &amp#27;[22musers enters invalid user2 and pass2&amp#27;[39m
  &amp#27;[36m↷&amp#27;[39m &amp#27;[36m&amp#27;[1mAnd &amp#27;[22mclicks on login button&amp#27;[39m                                         &amp#27;[90m# com.LoginSteps.clicks_on_login_button()&amp#27;[39m
  &amp#27;[36m↷&amp#27;[39m &amp#27;[36m&amp#27;[1mThen &amp#27;[22merror message is displayed&amp#27;[39m                                    &amp#27;[90m# com.LoginSteps.error_message_is_displayed()&amp#27;[39m
]]></system-out>
  </testcase>
</testsuite>