<?xml version="1.0" encoding="UTF-8"?>
<testsuite xmlns:xsi="http://www.w3.org/2001/XMLSchema-instance" xsi:noNamespaceSchemaLocation="https://maven.apache.org/surefire/maven-surefire-plugin/xsd/surefire-test-report-3.0.xsd" version="3.0" name="com.RunCucumberTest" time="0.692" tests="1" errors="0" skipped="0" failures="0">
  <properties>
[...]
</properties>
  <testcase name="Check Login is successful with valid credentials" classname="Feature to test login Functionality" time="0.071">
    <system-out><![CDATA[
@SmokeTest
Scenario: Check Login is successful with valid credentials # src/test/resources/features/login.feature:3
Navigating to login page
  ✔ Given user is on login page                            # com.StepDefinitions.LoginSteps.user_is_on_login_page()
Entering valid credentials
  ✔ When users enters username and password                # com.StepDefinitions.LoginSteps.users_enters_username_and_password()
Clicking login button
  ✔ And clicks on login button                             # com.StepDefinitions.LoginSteps.clicks_on_login_button()
Login successful - on MyPortfolio page
  ✔ Then user is navigated to MyPortfolio page             # com.StepDefinitions.LoginSteps.user_is_navigated_to_myportfolio_page()
]]></system-out>
  </testcase>
</testsuite>